Traceback (most recent call last):
  File "/home/darius/Documents/Projects/LCARS-WebUI/lcars-ui/examples/beta1_showcase.py", line 273, in <module>
    lcars.run(
    ~~~~~~~~~^
        ui,
        ^^^
    ...<2 lines>...
        open_browser=os.getenv("LCARS_OPEN_BROWSER", "1") == "1",
        ^^^^^^^^^^^^^^^^^^^^^^^^^^^^^^^^^^^^^^^^^^^^^^^^^^^^^^^^^
    )
    ^
  File "/home/darius/Documents/Projects/LCARS-WebUI/lcars-ui/src/lcars_ui/dsl/api.py", line 268, in run
    ui_fn()
    ~~~~~^^
  File "/home/darius/Documents/Projects/LCARS-WebUI/lcars-ui/examples/beta1_showcase.py", line 269, in ui
    containers_page()
    ~~~~~~~~~~~~~~~^^
  File "/home/darius/Documents/Projects/LCARS-WebUI/lcars-ui/examples/beta1_showcase.py", line 238, in containers_page
    with lcars.header("Standalone Header", size="h2", color="pale-canary"):
         ~~~~~~~~~~~~^^^^^^^^^^^^^^^^^^^^^^^^^^^^^^^^^^^^^^^^^^^^^^^^^^^^^
TypeError: 'NoneType' object does not support the context manager protocol (missed __exit__ method)
