Traceback (most recent call last):
  File "/home/darius/Documents/Projects/LCARS-WebUI/lcars-ui/examples/beta1_showcase.py", line 273, in <module>
    lcars.run(
    ~~~~~~~~~^
        ui,
        ^^^
    ...<2 lines>...
        open_browser=os.getenv("LCARS_OPEN_BROWSER", "1") == "1",
        ^^^^^^^^^^^^^^^^^^^^^^^^^^^^^^^^^^^^^^^^^^^^^^^^^^^^^^^^^
    )
    ^
  File "/home/darius/Documents/Projects/LCARS-WebUI/lcars-ui/src/lcars_ui/dsl/api.py", line 268, in run
    ui_fn()
    ~~~~~^^
  File "/home/darius/Documents/Projects/LCARS-WebUI/lcars-ui/examples/beta1_showcase.py", line 263, in ui
    inputs_page()
    ~~~~~~~~~~~^^
  File "/home/darius/Documents/Projects/LCARS-WebUI/lcars-ui/examples/beta1_showcase.py", line 188, in inputs_page
    with lcars.form("login-form"):
         ~~~~~~~~~~^^^^^^^^^^^^^^
  File "/usr/lib/python3.14/contextlib.py", line 305, in helper
    return _GeneratorContextManager(func, args, kwds)
  File "/usr/lib/python3.14/contextlib.py", line 109, in __init__
    self.gen = func(*args, **kwds)
               ~~~~^^^^^^^^^^^^^^^
TypeError: form() missing 1 required positional argument: 'action_id'
