Traceback (most recent call last):
  File "/home/darius/Documents/Projects/LCARS-WebUI/lcars-ui/examples/beta1_showcase.py", line 273, in <module>
    lcars.run(
    ~~~~~~~~~^
        ui,
        ^^^
    ...<2 lines>...
        open_browser=os.getenv("LCARS_OPEN_BROWSER", "1") == "1",
        ^^^^^^^^^^^^^^^^^^^^^^^^^^^^^^^^^^^^^^^^^^^^^^^^^^^^^^^^^
    )
    ^
  File "/home/darius/Documents/Projects/LCARS-WebUI/lcars-ui/src/lcars_ui/dsl/api.py", line 268, in run
    ui_fn()
    ~~~~~^^
  File "/home/darius/Documents/Projects/LCARS-WebUI/lcars-ui/examples/beta1_showcase.py", line 269, in ui
    containers_page()
    ~~~~~~~~~~~~~~~^^
  File "/home/darius/Documents/Projects/LCARS-WebUI/lcars-ui/examples/beta1_showcase.py", line 234, in containers_page
    with lcars.bracket("LCARS Bracket", color="orange"):
         ~~~~~~~~~~~~~^^^^^^^^^^^^^^^^^^^^^^^^^^^^^^^^^
  File "/usr/lib/python3.14/contextlib.py", line 305, in helper
    return _GeneratorContextManager(func, args, kwds)
  File "/usr/lib/python3.14/contextlib.py", line 109, in __init__
    self.gen = func(*args, **kwds)
               ~~~~^^^^^^^^^^^^^^^
TypeError: bracket() takes 0 positional arguments but 1 positional argument (and 1 keyword-only argument) were given
